execve("/bin/ls", ["ls", "-l"], [/* 38 vars */]) = 0
brk(0)                                  = 0x8aa8000
mmap2(NULL, 4096, PROT_READ|PROT_WRITE, MAP_PRIVATE|MAP_ANONYMOUS, -1, 0) = 0xb7748000
access("/etc/ld.so.preload", R_OK)      = -1 ENOENT (No such file or directory)
open("/etc/ld.so.cache", O_RDONLY)      = 3
fstat64(3, {st_mode=S_IFREG|0644, st_size=50944, ...}) = 0
mmap2(NULL, 50944, PROT_READ, MAP_PRIVATE, 3, 0) = 0xb773b000
close(3)                                = 0
open("/lib/libselinux.so.1", O_RDONLY)  = 3
read(3, "\177ELF\1\1\1\0\0\0\0\0\0\0\0\0\3\0\3\0\1\0\0\0\360\243\230\0004\0\0\0"..., 512) = 512
fstat64(3, {st_mode=S_IFREG|0755, st_size=122440, ...}) = 0
mmap2(0x986000, 125988, PROT_READ|PROT_EXEC, MAP_PRIVATE|MAP_DENYWRITE, 3, 0) = 0x986000
mmap2(0x9a3000, 8192, PROT_READ|PROT_WRITE, MAP_PRIVATE|MAP_FIXED|MAP_DENYWRITE, 3, 0x1c000) = 0x9a3000
close(3)                                = 0
open("/lib/librt.so.1", O_RDONLY)       = 3
read(3, "\177ELF\1\1\1\0\0\0\0\0\0\0\0\0\3\0\3\0\1\0\0\0\300\270\201\0004\0\0\0"..., 512) = 512
fstat64(3, {st_mode=S_IFREG|0755, st_size=41812, ...}) = 0
mmap2(0x81a000, 33336, PROT_READ|PROT_EXEC, MAP_PRIVATE|MAP_DENYWRITE, 3, 0) = 0x81a000
mmap2(0x821000, 8192, PROT_READ|PROT_WRITE, MAP_PRIVATE|MAP_FIXED|MAP_DENYWRITE, 3, 0x6000) = 0x821000
close(3)                                = 0
open("/lib/libcap.so.2", O_RDONLY)      = 3
read(3, "\177ELF\1\1\1\0\0\0\0\0\0\0\0\0\3\0\3\0\1\0\0\0\340\354\270\0004\0\0\0"..., 512) = 512
fstat64(3, {st_mode=S_IFREG|0755, st_size=14328, ...}) = 0
mmap2(0xb8e000, 15664, PROT_READ|PROT_EXEC, MAP_PRIVATE|MAP_DENYWRITE, 3, 0) = 0xb8e000
mmap2(0xb91000, 4096, PROT_READ|PROT_WRITE, MAP_PRIVATE|MAP_FIXED|MAP_DENYWRITE, 3, 0x2000) = 0xb91000
close(3)                                = 0
open("/lib/libacl.so.1", O_RDONLY)      = 3
read(3, "\177ELF\1\1\1\0\0\0\0\0\0\0\0\0\3\0\3\0\1\0\0\0p\206\233\0074\0\0\0"..., 512) = 512
fstat64(3, {st_mode=S_IFREG|0755, st_size=31988, ...}) = 0
mmap2(0x79b7000, 33092, PROT_READ|PROT_EXEC, MAP_PRIVATE|MAP_DENYWRITE, 3, 0) = 0x79b7000
mmap2(0x79be000, 8192, PROT_READ|PROT_WRITE, MAP_PRIVATE|MAP_FIXED|MAP_DENYWRITE, 3, 0x6000) = 0x79be000
close(3)                                = 0
open("/lib/libc.so.6", O_RDONLY)        = 3
read(3, "\177ELF\1\1\1\3\0\0\0\0\0\0\0\0\3\0\3\0\1\0\0\0\200.g\0004\0\0\0"..., 512) = 512
fstat64(3, {st_mode=S_IFREG|0755, st_size=1911528, ...}) = 0
mmap2(NULL, 4096, PROT_READ|PROT_WRITE, MAP_PRIVATE|MAP_ANONYMOUS, -1, 0) = 0xb773a000
mmap2(0x65c000, 1669580, PROT_READ|PROT_EXEC, MAP_PRIVATE|MAP_DENYWRITE, 3, 0) = 0x65c000
mprotect(0x7ed000, 4096, PROT_NONE)     = 0
mmap2(0x7ee000, 12288, PROT_READ|PROT_WRITE, MAP_PRIVATE|MAP_FIXED|MAP_DENYWRITE, 3, 0x191000) = 0x7ee000
mmap2(0x7f1000, 10700, PROT_READ|PROT_WRITE, MAP_PRIVATE|MAP_FIXED|MAP_ANONYMOUS, -1, 0) = 0x7f1000
close(3)                                = 0
open("/lib/libdl.so.2", O_RDONLY)       = 3
read(3, "\177ELF\1\1\1\0\0\0\0\0\0\0\0\0\3\0\3\0\1\0\0\0`:\201\0004\0\0\0"..., 512) = 512
fstat64(3, {st_mode=S_IFREG|0755, st_size=19788, ...}) = 0
mmap2(0x813000, 16500, PROT_READ|PROT_EXEC, MAP_PRIVATE|MAP_DENYWRITE, 3, 0) = 0x813000
mmap2(0x816000, 8192, PROT_READ|PROT_WRITE, MAP_PRIVATE|MAP_FIXED|MAP_DENYWRITE, 3, 0x2000) = 0x816000
close(3)                                = 0
open("/lib/libpthread.so.0", O_RDONLY)  = 3
read(3, "\177ELF\1\1\1\0\0\0\0\0\0\0\0\0\3\0\3\0\1\0\0\0\0\256\177\0004\0\0\0"..., 512) = 512
fstat64(3, {st_mode=S_IFREG|0755, st_size=133352, ...}) = 0
mmap2(0x7f6000, 107044, PROT_READ|PROT_EXEC, MAP_PRIVATE|MAP_DENYWRITE, 3, 0) = 0x7f6000
mmap2(0x80d000, 8192, PROT_READ|PROT_WRITE, MAP_PRIVATE|MAP_FIXED|MAP_DENYWRITE, 3, 0x16000) = 0x80d000
mmap2(0x80f000, 4644, PROT_READ|PROT_WRITE, MAP_PRIVATE|MAP_FIXED|MAP_ANONYMOUS, -1, 0) = 0x80f000
close(3)                                = 0
open("/lib/libattr.so.1", O_RDONLY)     = 3
read(3, "\177ELF\1\1\1\0\0\0\0\0\0\0\0\0\3\0\3\0\1\0\0\0P\256\301\0074\0\0\0"..., 512) = 512
fstat64(3, {st_mode=S_IFREG|0755, st_size=19456, ...}) = 0
mmap2(0x7c1a000, 20660, PROT_READ|PROT_EXEC, MAP_PRIVATE|MAP_DENYWRITE, 3, 0) = 0x7c1a000
mmap2(0x7c1e000, 8192, PROT_READ|PROT_WRITE, MAP_PRIVATE|MAP_FIXED|MAP_DENYWRITE, 3, 0x3000) = 0x7c1e000
close(3)                                = 0
mmap2(NULL, 4096, PROT_READ|PROT_WRITE, MAP_PRIVATE|MAP_ANONYMOUS, -1, 0) = 0xb7739000
mmap2(NULL, 4096, PROT_READ|PROT_WRITE, MAP_PRIVATE|MAP_ANONYMOUS, -1, 0) = 0xb7738000
set_thread_area({entry_number:-1 -> 6, base_addr:0xb7738720, limit:1048575, seg_32bit:1, contents:0, read_exec_only:0, limit_in_pages:1, seg_not_present:0, useable:1}) = 0
access("/etc/sysconfig/32bit_ssse3_memcpy_via_32bit_ssse3_memmove", F_OK) = -1 ENOENT (No such file or directory)
access("/etc/sysconfig/32bit_ssse3_memcpy_via_32bit_ssse3_memmove", F_OK) = -1 ENOENT (No such file or directory)
access("/etc/sysconfig/32bit_ssse3_memcpy_via_32bit_ssse3_memmove", F_OK) = -1 ENOENT (No such file or directory)
access("/etc/sysconfig/32bit_ssse3_memcpy_via_32bit_ssse3_memmove", F_OK) = -1 ENOENT (No such file or directory)
access("/etc/sysconfig/32bit_ssse3_memcpy_via_32bit_ssse3_memmove", F_OK) = -1 ENOENT (No such file or directory)
mprotect(0x9a3000, 4096, PROT_READ)     = 0
mprotect(0x821000, 4096, PROT_READ)     = 0
mprotect(0x79be000, 4096, PROT_READ)    = 0
mprotect(0x7ee000, 8192, PROT_READ)     = 0
mprotect(0x816000, 4096, PROT_READ)     = 0
mprotect(0x658000, 4096, PROT_READ)     = 0
mprotect(0x80d000, 4096, PROT_READ)     = 0
mprotect(0x7c1e000, 4096, PROT_READ)    = 0
munmap(0xb773b000, 50944)               = 0
set_tid_address(0xb7738788)             = 16542
set_robust_list(0xb7738790, 12)         = 0
futex(0xbfe756b4, FUTEX_WAKE_PRIVATE, 1) = 0
futex(0xbfe756b4, FUTEX_WAIT_BITSET_PRIVATE|FUTEX_CLOCK_REALTIME, 1, NULL, bfe756c4) = -1 EAGAIN (Resource temporarily unavailable)
rt_sigaction(SIGRTMIN, {0x7fa7d0, [], SA_SIGINFO}, NULL, 8) = 0
rt_sigaction(SIGRT_1, {0x7facd0, [], SA_RESTART|SA_SIGINFO}, NULL, 8) = 0
rt_sigprocmask(SIG_UNBLOCK, [RTMIN RT_1], NULL, 8) = 0
getrlimit(RLIMIT_STACK, {rlim_cur=10240*1024, rlim_max=RLIM_INFINITY}) = 0
uname({sys="Linux", node="localhost", ...}) = 0
statfs64("/selinux", 84, {f_type=0xf97cff8c, f_bsize=4096, f_blocks=0, f_bfree=0, f_bavail=0, f_files=0, f_ffree=0, f_fsid={0, 0}, f_namelen=255, f_frsize=4096, f_flags=4128}) = 0
statfs64("/selinux", 84, {f_type=0xf97cff8c, f_bsize=4096, f_blocks=0, f_bfree=0, f_bavail=0, f_files=0, f_ffree=0, f_fsid={0, 0}, f_namelen=255, f_frsize=4096, f_flags=4128}) = 0
stat64("/selinux", {st_mode=S_IFDIR|0755, st_size=0, ...}) = 0
brk(0)                                  = 0x8aa8000
brk(0x8ac9000)                          = 0x8ac9000
open("/usr/lib/locale/locale-archive", O_RDONLY|O_LARGEFILE) = 3
fstat64(3, {st_mode=S_IFREG|0644, st_size=99164448, ...}) = 0
mmap2(NULL, 2097152, PROT_READ, MAP_PRIVATE, 3, 0) = 0xb7538000
close(3)                                = 0
ioctl(1, SNDCTL_TMR_TIMEBASE or SNDRV_TIMER_IOCTL_NEXT_DEVICE or TCGETS, 0xbfe75508) = -1 ENOTTY (Inappropriate ioctl for device)
ioctl(1, TIOCGWINSZ, 0xbfe75678)        = -1 ENOTTY (Inappropriate ioctl for device)
open("/usr/share/locale/locale.alias", O_RDONLY) = 3
fstat64(3, {st_mode=S_IFREG|0644, st_size=2512, ...}) = 0
mmap2(NULL, 4096, PROT_READ|PROT_WRITE, MAP_PRIVATE|MAP_ANONYMOUS, -1, 0) = 0xb7747000
read(3, "# Locale name alias data base.\n#"..., 4096) = 2512
read(3, "", 4096)                       = 0
close(3)                                = 0
munmap(0xb7747000, 4096)                = 0
open("/usr/share/locale/en_US.UTF-8/LC_TIME/coreutils.mo", O_RDONLY) = -1 ENOENT (No such file or directory)
open("/usr/share/locale/en_US.utf8/LC_TIME/coreutils.mo", O_RDONLY) = -1 ENOENT (No such file or directory)
open("/usr/share/locale/en_US/LC_TIME/coreutils.mo", O_RDONLY) = -1 ENOENT (No such file or directory)
open("/usr/share/locale/en.UTF-8/LC_TIME/coreutils.mo", O_RDONLY) = -1 ENOENT (No such file or directory)
open("/usr/share/locale/en.utf8/LC_TIME/coreutils.mo", O_RDONLY) = -1 ENOENT (No such file or directory)
open("/usr/share/locale/en/LC_TIME/coreutils.mo", O_RDONLY) = 3
fstat64(3, {st_mode=S_IFREG|0644, st_size=435, ...}) = 0
mmap2(NULL, 435, PROT_READ, MAP_PRIVATE, 3, 0) = 0xb7747000
close(3)                                = 0
open("/usr/lib/gconv/gconv-modules.cache", O_RDONLY) = 3
fstat64(3, {st_mode=S_IFREG|0644, st_size=26058, ...}) = 0
mmap2(NULL, 26058, PROT_READ, MAP_SHARED, 3, 0) = 0xb7740000
close(3)                                = 0
futex(0x7f0f10, FUTEX_WAKE_PRIVATE, 2147483647) = 0
open(".", O_RDONLY|O_NONBLOCK|O_LARGEFILE|O_DIRECTORY|O_CLOEXEC) = 3
fcntl64(3, F_GETFD)                     = 0x1 (flags FD_CLOEXEC)
getdents64(3, /* 5 entries */, 32768)   = 144
lstat64("Makefile", {st_mode=S_IFREG|0644, st_size=277, ...}) = 0
lgetxattr("Makefile", "security.selinux", "unconfined_u:object_r:user_home_t:s0", 255) = 37
open("/selinux/mls", O_RDONLY|O_LARGEFILE) = 4
read(4, "1", 19)                        = 1
close(4)                                = 0
futex(0x9a4c08, FUTEX_WAKE_PRIVATE, 2147483647) = 0
socket(PF_LOCAL, SOCK_STREAM|SOCK_CLOEXEC, 0) = 4
connect(4, {sa_family=AF_LOCAL, sun_path="/var/run/setrans/.setrans-unix"}, 110) = -1 ENOENT (No such file or directory)
close(4)                                = 0
lstat64("Makefile", {st_mode=S_IFREG|0644, st_size=277, ...}) = 0
lgetxattr("Makefile", "system.posix_acl_access", 0x0, 0) = -1 ENODATA (No data available)
lgetxattr("Makefile", "system.posix_acl_default", 0x0, 0) = -1 ENODATA (No data available)
socket(PF_LOCAL, SOCK_STREAM|SOCK_CLOEXEC|SOCK_NONBLOCK, 0) = 4
connect(4, {sa_family=AF_LOCAL, sun_path="/var/run/nscd/socket"}, 110) = -1 ENOENT (No such file or directory)
close(4)                                = 0
socket(PF_LOCAL, SOCK_STREAM|SOCK_CLOEXEC|SOCK_NONBLOCK, 0) = 4
connect(4, {sa_family=AF_LOCAL, sun_path="/var/run/nscd/socket"}, 110) = -1 ENOENT (No such file or directory)
close(4)                                = 0
open("/etc/nsswitch.conf", O_RDONLY)    = 4
fstat64(4, {st_mode=S_IFREG|0644, st_size=1688, ...}) = 0
mmap2(NULL, 4096, PROT_READ|PROT_WRITE, MAP_PRIVATE|MAP_ANONYMOUS, -1, 0) = 0xb773f000
read(4, "#\n# /etc/nsswitch.conf\n#\n# An ex"..., 4096) = 1688
read(4, "", 4096)                       = 0
close(4)                                = 0
munmap(0xb773f000, 4096)                = 0
open("/etc/ld.so.cache", O_RDONLY)      = 4
fstat64(4, {st_mode=S_IFREG|0644, st_size=50944, ...}) = 0
mmap2(NULL, 50944, PROT_READ, MAP_PRIVATE, 4, 0) = 0xb752b000
close(4)                                = 0
open("/lib/libnss_files.so.2", O_RDONLY) = 4
read(4, "\177ELF\1\1\1\0\0\0\0\0\0\0\0\0\3\0\3\0\1\0\0\0\240\32\0\0004\0\0\0"..., 512) = 512
fstat64(4, {st_mode=S_IFREG|0755, st_size=58728, ...}) = 0
mmap2(NULL, 53964, PROT_READ|PROT_EXEC, MAP_PRIVATE|MAP_DENYWRITE, 4, 0) = 0x289000
mmap2(0x295000, 8192, PROT_READ|PROT_WRITE, MAP_PRIVATE|MAP_FIXED|MAP_DENYWRITE, 4, 0xb000) = 0x295000
close(4)                                = 0
mprotect(0x295000, 4096, PROT_READ)     = 0
munmap(0xb752b000, 50944)               = 0
open("/etc/passwd", O_RDONLY|O_CLOEXEC) = 4
fcntl64(4, F_GETFD)                     = 0x1 (flags FD_CLOEXEC)
fstat64(4, {st_mode=S_IFREG|0644, st_size=1499, ...}) = 0
mmap2(NULL, 4096, PROT_READ|PROT_WRITE, MAP_PRIVATE|MAP_ANONYMOUS, -1, 0) = 0xb773f000
read(4, "root:x:0:0:root:/root:/bin/bash\n"..., 4096) = 1499
close(4)                                = 0
munmap(0xb773f000, 4096)                = 0
socket(PF_LOCAL, SOCK_STREAM|SOCK_CLOEXEC|SOCK_NONBLOCK, 0) = 4
connect(4, {sa_family=AF_LOCAL, sun_path="/var/run/nscd/socket"}, 110) = -1 ENOENT (No such file or directory)
close(4)                                = 0
socket(PF_LOCAL, SOCK_STREAM|SOCK_CLOEXEC|SOCK_NONBLOCK, 0) = 4
connect(4, {sa_family=AF_LOCAL, sun_path="/var/run/nscd/socket"}, 110) = -1 ENOENT (No such file or directory)
close(4)                                = 0
open("/etc/group", O_RDONLY|O_CLOEXEC)  = 4
fstat64(4, {st_mode=S_IFREG|0644, st_size=809, ...}) = 0
mmap2(NULL, 4096, PROT_READ|PROT_WRITE, MAP_PRIVATE|MAP_ANONYMOUS, -1, 0) = 0xb773f000
read(4, "root:x:0:\nbin:x:1:bin,daemon\ndae"..., 4096) = 809
close(4)                                = 0
munmap(0xb773f000, 4096)                = 0
lstat64("Makefile~", {st_mode=S_IFREG|0644, st_size=2822, ...}) = 0
lgetxattr("Makefile~", "security.selinux", "unconfined_u:object_r:user_home_t:s0", 255) = 37
lstat64("Makefile~", {st_mode=S_IFREG|0644, st_size=2822, ...}) = 0
lgetxattr("Makefile~", "system.posix_acl_access", 0x0, 0) = -1 ENODATA (No data available)
lgetxattr("Makefile~", "system.posix_acl_default", 0x0, 0) = -1 ENODATA (No data available)
lstat64("ls.out", {st_mode=S_IFREG|0664, st_size=12720, ...}) = 0
lgetxattr("ls.out", "security.selinux", "unconfined_u:object_r:user_home_t:s0", 255) = 37
lstat64("ls.out", {st_mode=S_IFREG|0664, st_size=12876, ...}) = 0
lgetxattr("ls.out", "system.posix_acl_access", 0x0, 0) = -1 ENODATA (No data available)
lgetxattr("ls.out", "system.posix_acl_default", 0x0, 0) = -1 ENODATA (No data available)
getdents64(3, /* 0 entries */, 32768)   = 0
close(3)                                = 0
open("/usr/share/locale/en_US.UTF-8/LC_MESSAGES/coreutils.mo", O_RDONLY) = -1 ENOENT (No such file or directory)
open("/usr/share/locale/en_US.utf8/LC_MESSAGES/coreutils.mo", O_RDONLY) = -1 ENOENT (No such file or directory)
open("/usr/share/locale/en_US/LC_MESSAGES/coreutils.mo", O_RDONLY) = -1 ENOENT (No such file or directory)
open("/usr/share/locale/en.UTF-8/LC_MESSAGES/coreutils.mo", O_RDONLY) = -1 ENOENT (No such file or directory)
open("/usr/share/locale/en.utf8/LC_MESSAGES/coreutils.mo", O_RDONLY) = -1 ENOENT (No such file or directory)
open("/usr/share/locale/en/LC_MESSAGES/coreutils.mo", O_RDONLY) = 3
fstat64(3, {st_mode=S_IFREG|0644, st_size=435, ...}) = 0
mmap2(NULL, 435, PROT_READ, MAP_PRIVATE, 3, 0) = 0xb773f000
close(3)                                = 0
fstat64(1, {st_mode=S_IFREG|0664, st_size=13980, ...}) = 0
mmap2(NULL, 4096, PROT_READ|PROT_WRITE, MAP_PRIVATE|MAP_ANONYMOUS, -1, 0) = 0xb773e000
open("/etc/localtime", O_RDONLY)        = 3
fstat64(3, {st_mode=S_IFREG|0644, st_size=2819, ...}) = 0
fstat64(3, {st_mode=S_IFREG|0644, st_size=2819, ...}) = 0
mmap2(NULL, 4096, PROT_READ|PROT_WRITE, MAP_PRIVATE|MAP_ANONYMOUS, -1, 0) = 0xb773d000
read(3, "TZif2\0\0\0\0\0\0\0\0\0\0\0\0\0\0\0\0\0\0\4\0\0\0\4\0\0\0\0"..., 4096) = 2819
_llseek(3, -24, [2795], SEEK_CUR)       = 0
read(3, "\nPST8PDT,M3.2.0,M11.1.0\n", 4096) = 24
close(3)                                = 0
munmap(0xb773d000, 4096)                = 0
clock_gettime(CLOCK_REALTIME, {1491057815, 718438248}) = 0
stat64("/etc/localtime", {st_mode=S_IFREG|0644, st_size=2819, ...}) = 0
stat64("/etc/localtime", {st_mode=S_IFREG|0644, st_size=2819, ...}) = 0
write(1, "total 24\n-rw-rw-r--. 1 yunhai yu"..., 176total 24
-rw-rw-r--. 1 yunhai yunhai 12720 Apr  1 07:43 ls.out
-rw-r--r--. 1 yunhai yunhai   277 Apr  1 07:33 Makefile
-rw-r--r--. 1 yunhai yunhai  2822 Apr  1 07:32 Makefile~
) = 176
close(1)                                = 0
munmap(0xb773e000, 4096)                = 0
close(2)                                = 0
exit_group(0)                           = ?
+++ exited with 0 +++
