read(0, ".", 1)                         = 1
rt_sigprocmask(SIG_BLOCK, [INT], [], 8) = 0
write(2, ".", 1)                        = 1
rt_sigprocmask(SIG_SETMASK, [], NULL, 8) = 0
rt_sigprocmask(SIG_BLOCK, NULL, [], 8)  = 0
read(0, "/", 1)                         = 1
rt_sigprocmask(SIG_BLOCK, [INT], [], 8) = 0
write(2, "/", 1)                        = 1
rt_sigprocmask(SIG_SETMASK, [], NULL, 8) = 0
rt_sigprocmask(SIG_BLOCK, NULL, [], 8)  = 0
read(0, "s", 1)                         = 1
rt_sigprocmask(SIG_BLOCK, [INT], [], 8) = 0
write(2, "s", 1)                        = 1
rt_sigprocmask(SIG_SETMASK, [], NULL, 8) = 0
rt_sigprocmask(SIG_BLOCK, NULL, [], 8)  = 0
read(0, "i", 1)                         = 1
rt_sigprocmask(SIG_BLOCK, [INT], [], 8) = 0
write(2, "i", 1)                        = 1
rt_sigprocmask(SIG_SETMASK, [], NULL, 8) = 0
rt_sigprocmask(SIG_BLOCK, NULL, [], 8)  = 0
read(0, "g", 1)                         = 1
rt_sigprocmask(SIG_BLOCK, [INT], [], 8) = 0
write(2, "g", 1)                        = 1
rt_sigprocmask(SIG_SETMASK, [], NULL, 8) = 0
rt_sigprocmask(SIG_BLOCK, NULL, [], 8)  = 0
read(0, "c", 1)                         = 1
rt_sigprocmask(SIG_BLOCK, [INT], [], 8) = 0
write(2, "c", 1)                        = 1
rt_sigprocmask(SIG_SETMASK, [], NULL, 8) = 0
rt_sigprocmask(SIG_BLOCK, NULL, [], 8)  = 0
read(0, "a", 1)                         = 1
rt_sigprocmask(SIG_BLOCK, [INT], [], 8) = 0
write(2, "a", 1)                        = 1
rt_sigprocmask(SIG_SETMASK, [], NULL, 8) = 0
rt_sigprocmask(SIG_BLOCK, NULL, [], 8)  = 0
read(0, "t", 1)                         = 1
rt_sigprocmask(SIG_BLOCK, [INT], [], 8) = 0
write(2, "t", 1)                        = 1
rt_sigprocmask(SIG_SETMASK, [], NULL, 8) = 0
rt_sigprocmask(SIG_BLOCK, NULL, [], 8)  = 0
read(0, "c", 1)                         = 1
rt_sigprocmask(SIG_BLOCK, [INT], [], 8) = 0
write(2, "c", 1)                        = 1
rt_sigprocmask(SIG_SETMASK, [], NULL, 8) = 0
rt_sigprocmask(SIG_BLOCK, NULL, [], 8)  = 0
read(0, "h", 1)                         = 1
rt_sigprocmask(SIG_BLOCK, [INT], [], 8) = 0
write(2, "h", 1)                        = 1
rt_sigprocmask(SIG_SETMASK, [], NULL, 8) = 0
rt_sigprocmask(SIG_BLOCK, NULL, [], 8)  = 0
read(0, " ", 1)                         = 1
rt_sigprocmask(SIG_BLOCK, [INT], [], 8) = 0
write(2, " ", 1)                        = 1
rt_sigprocmask(SIG_SETMASK, [], NULL, 8) = 0
rt_sigprocmask(SIG_BLOCK, NULL, [], 8)  = 0
read(0, "1", 1)                         = 1
rt_sigprocmask(SIG_BLOCK, [INT], [], 8) = 0
write(2, "1", 1)                        = 1
rt_sigprocmask(SIG_SETMASK, [], NULL, 8) = 0
rt_sigprocmask(SIG_BLOCK, NULL, [], 8)  = 0
read(0, " ", 1)                         = 1
rt_sigprocmask(SIG_BLOCK, [INT], [], 8) = 0
write(2, " ", 1)                        = 1
rt_sigprocmask(SIG_SETMASK, [], NULL, 8) = 0
rt_sigprocmask(SIG_BLOCK, NULL, [], 8)  = 0
read(0, "2", 1)                         = 1
rt_sigprocmask(SIG_BLOCK, [INT], [], 8) = 0
write(2, "2", 1)                        = 1
rt_sigprocmask(SIG_SETMASK, [], NULL, 8) = 0
rt_sigprocmask(SIG_BLOCK, NULL, [], 8)  = 0
read(0, "\n", 1)                        = 1
write(2, "\n", 1)                       = 1
rt_sigprocmask(SIG_BLOCK, [INT], [], 8) = 0
ioctl(0, SNDCTL_TMR_STOP or SNDRV_TIMER_IOCTL_GINFO or TCSETSW, {B38400 opost isig icanon echo ...}) = 0
rt_sigprocmask(SIG_SETMASK, [], NULL, 8) = 0
rt_sigaction(SIGINT, {0x8096d00, [], 0}, {0x80daf70, [], 0}, 8) = 0
rt_sigaction(SIGTERM, {SIG_IGN, [], 0}, {SIG_IGN, [], 0}, 8) = 0
rt_sigaction(SIGQUIT, {SIG_IGN, [], 0}, {SIG_IGN, [], 0}, 8) = 0
rt_sigaction(SIGALRM, {0x8096a30, [HUP INT ILL TRAP ABRT BUS FPE USR1 SEGV USR2 PIPE ALRM TERM XCPU XFSZ VTALRM SYS], 0}, {0x80daf70, [], 0}, 8) = 0
rt_sigaction(SIGTSTP, {SIG_IGN, [], 0}, {SIG_IGN, [], 0}, 8) = 0
rt_sigaction(SIGTTOU, {SIG_IGN, [], 0}, {SIG_IGN, [], 0}, 8) = 0
rt_sigaction(SIGTTIN, {SIG_IGN, [], 0}, {SIG_IGN, [], 0}, 8) = 0
rt_sigaction(SIGWINCH, {0x8096830, [], 0}, {0x80dae50, [], SA_RESTART}, 8) = 0
socket(PF_NETLINK, SOCK_RAW, 9)         = 3
sendmsg(3, {msg_name(12)={sa_family=AF_NETLINK, pid=0, groups=00000000}, msg_iov(2)=[{"\37\0\0\0d\4\1\0\0\0\0\0\0\0\0\0", 16}, {"./sigcatch 1 2\0", 15}], msg_controllen=0, msg_flags=0}, 0) = 31
close(3)                                = 0
rt_sigaction(SIGINT, {0x8096d00, [], 0}, {0x8096d00, [], 0}, 8) = 0
time(NULL)                              = 1518531220
rt_sigprocmask(SIG_BLOCK, [INT CHLD], [], 8) = 0
pipe([3, 5])                            = 0
clone(child_stack=0, flags=CLONE_CHILD_CLEARTID|CLONE_CHILD_SETTID|SIGCHLD, child_tidptr=0xb7728b98) = 20209
setpgid(20209, 20209)                   = 0
rt_sigprocmask(SIG_SETMASK, [], NULL, 8) = 0
rt_sigprocmask(SIG_BLOCK, [CHLD], [], 8) = 0
close(3)                                = 0
close(5)                                = 0
ioctl(255, TIOCGPGRP, [20209])          = 0
rt_sigprocmask(SIG_SETMASK, [], NULL, 8) = 0
rt_sigprocmask(SIG_BLOCK, [CHLD], [], 8) = 0
waitpid(-1, [{WIFSTOPPED(s) && WSTOPSIG(s) == SIGTSTP}], WSTOPPED|WCONTINUED) = 20209
rt_sigprocmask(SIG_BLOCK, [CHLD], [CHLD], 8) = 0
rt_sigprocmask(SIG_SETMASK, [CHLD], NULL, 8) = 0
rt_sigprocmask(SIG_BLOCK, [CHLD], [CHLD], 8) = 0
rt_sigprocmask(SIG_SETMASK, [CHLD], NULL, 8) = 0
rt_sigprocmask(SIG_BLOCK, [CHLD TSTP TTIN TTOU], [CHLD], 8) = 0
ioctl(255, SNDRV_TIMER_IOCTL_SELECT or TIOCSPGRP, [19550]) = 0
rt_sigprocmask(SIG_SETMASK, [CHLD], NULL, 8) = 0
ioctl(255, SNDCTL_TMR_STOP or SNDRV_TIMER_IOCTL_GINFO or TCSETSW, {B38400 opost isig icanon echo ...}) = 0
ioctl(255, TIOCGWINSZ, {ws_row=0, ws_col=0, ws_xpixel=0, ws_ypixel=0}) = 0
write(2, "\n", 1)                       = 1
write(2, "[1]+  Stopped                 ./"..., 45) = 45
rt_sigprocmask(SIG_SETMASK, [], NULL, 8) = 0
--- SIGCHLD {si_signo=SIGCHLD, si_code=CLD_STOPPED, si_pid=20209, si_status=SIGTSTP, si_utime=0, si_stime=0} ---
waitpid(-1, 0xbfe0c67c, WNOHANG|WSTOPPED|WCONTINUED) = 0
sigreturn() (mask [])                   = 0
rt_sigprocmask(SIG_BLOCK, NULL, [], 8)  = 0
rt_sigaction(SIGINT, {0x8096d00, [], 0}, {0x8096d00, [], 0}, 8) = 0
rt_sigprocmask(SIG_BLOCK, NULL, [], 8)  = 0
write(1, "\33]0;yunhai@bogon:~/code/apue/09."..., 40) = 40
time(NULL)                              = 1518531225
rt_sigprocmask(SIG_BLOCK, [CHLD TSTP TTIN TTOU], [], 8) = 0
ioctl(255, SNDRV_TIMER_IOCTL_SELECT or TIOCSPGRP, [19550]) = 0
rt_sigprocmask(SIG_SETMASK, [], NULL, 8) = 0
rt_sigaction(SIGINT, {0x8096d00, [], 0}, {0x8096d00, [], 0}, 8) = 0
rt_sigprocmask(SIG_BLOCK, [INT], [], 8) = 0
ioctl(0, TIOCGWINSZ, {ws_row=0, ws_col=0, ws_xpixel=0, ws_ypixel=0}) = 0
ioctl(0, SNDRV_TIMER_IOCTL_STATUS or TIOCSWINSZ, {ws_row=0, ws_col=0, ws_xpixel=0, ws_ypixel=0}) = 0
ioctl(0, SNDCTL_TMR_TIMEBASE or SNDRV_TIMER_IOCTL_NEXT_DEVICE or TCGETS, {B38400 opost isig icanon echo ...}) = 0
ioctl(0, SNDCTL_TMR_STOP or SNDRV_TIMER_IOCTL_GINFO or TCSETSW, {B38400 opost isig -icanon -echo ...}) = 0
rt_sigprocmask(SIG_SETMASK, [], NULL, 8) = 0
rt_sigprocmask(SIG_BLOCK, [INT QUIT ALRM TERM TSTP TTIN TTOU], [], 8) = 0
rt_sigaction(SIGINT, {0x80daf70, [], 0}, {0x8096d00, [], 0}, 8) = 0
rt_sigaction(SIGTERM, {0x80daf70, [], 0}, {SIG_IGN, [], 0}, 8) = 0
rt_sigaction(SIGTERM, {SIG_IGN, [], 0}, {0x80daf70, [], 0}, 8) = 0
rt_sigaction(SIGQUIT, {0x80daf70, [], 0}, {SIG_IGN, [], 0}, 8) = 0
rt_sigaction(SIGQUIT, {SIG_IGN, [], 0}, {0x80daf70, [], 0}, 8) = 0
rt_sigaction(SIGALRM, {0x80daf70, [], 0}, {0x8096a30, [HUP INT ILL TRAP ABRT BUS FPE USR1 SEGV USR2 PIPE ALRM TERM XCPU XFSZ VTALRM SYS], 0}, 8) = 0
rt_sigaction(SIGTSTP, {0x80daf70, [], 0}, {SIG_IGN, [], 0}, 8) = 0
rt_sigaction(SIGTSTP, {SIG_IGN, [], 0}, {0x80daf70, [], 0}, 8) = 0
rt_sigaction(SIGTTOU, {0x80daf70, [], 0}, {SIG_IGN, [], 0}, 8) = 0
rt_sigaction(SIGTTOU, {SIG_IGN, [], 0}, {0x80daf70, [], 0}, 8) = 0
rt_sigaction(SIGTTIN, {0x80daf70, [], 0}, {SIG_IGN, [], 0}, 8) = 0
rt_sigaction(SIGTTIN, {SIG_IGN, [], 0}, {0x80daf70, [], 0}, 8) = 0
rt_sigprocmask(SIG_SETMASK, [], NULL, 8) = 0
rt_sigaction(SIGWINCH, {0x80dae50, [], SA_RESTART}, {0x8096830, [], 0}, 8) = 0
rt_sigprocmask(SIG_BLOCK, [INT], [], 8) = 0
write(2, "[yunhai@bogon 09.chapter]$ ", 27) = 27
rt_sigprocmask(SIG_SETMASK, [], NULL, 8) = 0
rt_sigprocmask(SIG_BLOCK, NULL, [], 8)  = 0
read(0, "\n", 1)                        = 1
write(2, "\n", 1)                       = 1
rt_sigprocmask(SIG_BLOCK, [INT], [], 8) = 0
ioctl(0, SNDCTL_TMR_STOP or SNDRV_TIMER_IOCTL_GINFO or TCSETSW, {B38400 opost isig icanon echo ...}) = 0
rt_sigprocmask(SIG_SETMASK, [], NULL, 8) = 0
rt_sigaction(SIGINT, {0x8096d00, [], 0}, {0x80daf70, [], 0}, 8) = 0
rt_sigaction(SIGTERM, {SIG_IGN, [], 0}, {SIG_IGN, [], 0}, 8) = 0
rt_sigaction(SIGQUIT, {SIG_IGN, [], 0}, {SIG_IGN, [], 0}, 8) = 0
rt_sigaction(SIGALRM, {0x8096a30, [HUP INT ILL TRAP ABRT BUS FPE USR1 SEGV USR2 PIPE ALRM TERM XCPU XFSZ VTALRM SYS], 0}, {0x80daf70, [], 0}, 8) = 0
rt_sigaction(SIGTSTP, {SIG_IGN, [], 0}, {SIG_IGN, [], 0}, 8) = 0
rt_sigaction(SIGTTOU, {SIG_IGN, [], 0}, {SIG_IGN, [], 0}, 8) = 0
rt_sigaction(SIGTTIN, {SIG_IGN, [], 0}, {SIG_IGN, [], 0}, 8) = 0
rt_sigaction(SIGWINCH, {0x8096830, [], 0}, {0x80dae50, [], SA_RESTART}, 8) = 0
socket(PF_NETLINK, SOCK_RAW, 9)         = 3
sendmsg(3, {msg_name(12)={sa_family=AF_NETLINK, pid=0, groups=00000000}, msg_iov(2)=[{"\21\0\0\0d\4\1\0\0\0\0\0\0\0\0\0", 16}, {"\0", 1}], msg_controllen=0, msg_flags=0}, 0) = 17
close(3)                                = 0
rt_sigaction(SIGINT, {0x8096d00, [], 0}, {0x8096d00, [], 0}, 8) = 0
rt_sigprocmask(SIG_BLOCK, NULL, [], 8)  = 0
rt_sigaction(SIGINT, {0x8096d00, [], 0}, {0x8096d00, [], 0}, 8) = 0
rt_sigprocmask(SIG_BLOCK, NULL, [], 8)  = 0
write(1, "\33]0;yunhai@bogon:~/code/apue/09."..., 40) = 40
time(NULL)                              = 1518531225
rt_sigprocmask(SIG_BLOCK, [CHLD TSTP TTIN TTOU], [], 8) = 0
ioctl(255, SNDRV_TIMER_IOCTL_SELECT or TIOCSPGRP, [19550]) = 0
rt_sigprocmask(SIG_SETMASK, [], NULL, 8) = 0
rt_sigaction(SIGINT, {0x8096d00, [], 0}, {0x8096d00, [], 0}, 8) = 0
rt_sigprocmask(SIG_BLOCK, [INT], [], 8) = 0
ioctl(0, TIOCGWINSZ, {ws_row=0, ws_col=0, ws_xpixel=0, ws_ypixel=0}) = 0
ioctl(0, SNDRV_TIMER_IOCTL_STATUS or TIOCSWINSZ, {ws_row=0, ws_col=0, ws_xpixel=0, ws_ypixel=0}) = 0
ioctl(0, SNDCTL_TMR_TIMEBASE or SNDRV_TIMER_IOCTL_NEXT_DEVICE or TCGETS, {B38400 opost isig icanon echo ...}) = 0
ioctl(0, SNDCTL_TMR_STOP or SNDRV_TIMER_IOCTL_GINFO or TCSETSW, {B38400 opost isig -icanon -echo ...}) = 0
rt_sigprocmask(SIG_SETMASK, [], NULL, 8) = 0
rt_sigprocmask(SIG_BLOCK, [INT QUIT ALRM TERM TSTP TTIN TTOU], [], 8) = 0
rt_sigaction(SIGINT, {0x80daf70, [], 0}, {0x8096d00, [], 0}, 8) = 0
rt_sigaction(SIGTERM, {0x80daf70, [], 0}, {SIG_IGN, [], 0}, 8) = 0
rt_sigaction(SIGTERM, {SIG_IGN, [], 0}, {0x80daf70, [], 0}, 8) = 0
rt_sigaction(SIGQUIT, {0x80daf70, [], 0}, {SIG_IGN, [], 0}, 8) = 0
rt_sigaction(SIGQUIT, {SIG_IGN, [], 0}, {0x80daf70, [], 0}, 8) = 0
rt_sigaction(SIGALRM, {0x80daf70, [], 0}, {0x8096a30, [HUP INT ILL TRAP ABRT BUS FPE USR1 SEGV USR2 PIPE ALRM TERM XCPU XFSZ VTALRM SYS], 0}, 8) = 0
rt_sigaction(SIGTSTP, {0x80daf70, [], 0}, {SIG_IGN, [], 0}, 8) = 0
rt_sigaction(SIGTSTP, {SIG_IGN, [], 0}, {0x80daf70, [], 0}, 8) = 0
rt_sigaction(SIGTTOU, {0x80daf70, [], 0}, {SIG_IGN, [], 0}, 8) = 0
rt_sigaction(SIGTTOU, {SIG_IGN, [], 0}, {0x80daf70, [], 0}, 8) = 0
rt_sigaction(SIGTTIN, {0x80daf70, [], 0}, {SIG_IGN, [], 0}, 8) = 0
rt_sigaction(SIGTTIN, {SIG_IGN, [], 0}, {0x80daf70, [], 0}, 8) = 0
rt_sigprocmask(SIG_SETMASK, [], NULL, 8) = 0
rt_sigaction(SIGWINCH, {0x80dae50, [], SA_RESTART}, {0x8096830, [], 0}, 8) = 0
rt_sigprocmask(SIG_BLOCK, [INT], [], 8) = 0
write(2, "[yunhai@bogon 09.chapter]$ ", 27) = 27
rt_sigprocmask(SIG_SETMASK, [], NULL, 8) = 0
rt_sigprocmask(SIG_BLOCK, NULL, [], 8)  = 0
read(0, ".", 1)                         = 1
rt_sigprocmask(SIG_BLOCK, [INT], [], 8) = 0
write(2, ".", 1)                        = 1
rt_sigprocmask(SIG_SETMASK, [], NULL, 8) = 0
rt_sigprocmask(SIG_BLOCK, NULL, [], 8)  = 0
read(0, "/", 1)                         = 1
rt_sigprocmask(SIG_BLOCK, [INT], [], 8) = 0
write(2, "/", 1)                        = 1
rt_sigprocmask(SIG_SETMASK, [], NULL, 8) = 0
rt_sigprocmask(SIG_BLOCK, NULL, [], 8)  = 0
read(0, "s", 1)                         = 1
rt_sigprocmask(SIG_BLOCK, [INT], [], 8) = 0
write(2, "s", 1)                        = 1
rt_sigprocmask(SIG_SETMASK, [], NULL, 8) = 0
rt_sigprocmask(SIG_BLOCK, NULL, [], 8)  = 0
read(0, "i", 1)                         = 1
rt_sigprocmask(SIG_BLOCK, [INT], [], 8) = 0
write(2, "i", 1)                        = 1
rt_sigprocmask(SIG_SETMASK, [], NULL, 8) = 0
rt_sigprocmask(SIG_BLOCK, NULL, [], 8)  = 0
read(0, "g", 1)                         = 1
rt_sigprocmask(SIG_BLOCK, [INT], [], 8) = 0
write(2, "g", 1)                        = 1
rt_sigprocmask(SIG_SETMASK, [], NULL, 8) = 0
rt_sigprocmask(SIG_BLOCK, NULL, [], 8)  = 0
read(0, "c", 1)                         = 1
rt_sigprocmask(SIG_BLOCK, [INT], [], 8) = 0
write(2, "c", 1)                        = 1
rt_sigprocmask(SIG_SETMASK, [], NULL, 8) = 0
rt_sigprocmask(SIG_BLOCK, NULL, [], 8)  = 0
read(0, "a", 1)                         = 1
rt_sigprocmask(SIG_BLOCK, [INT], [], 8) = 0
write(2, "a", 1)                        = 1
rt_sigprocmask(SIG_SETMASK, [], NULL, 8) = 0
rt_sigprocmask(SIG_BLOCK, NULL, [], 8)  = 0
read(0, "t", 1)                         = 1
rt_sigprocmask(SIG_BLOCK, [INT], [], 8) = 0
write(2, "t", 1)                        = 1
rt_sigprocmask(SIG_SETMASK, [], NULL, 8) = 0
rt_sigprocmask(SIG_BLOCK, NULL, [], 8)  = 0
read(0, "c", 1)                         = 1
rt_sigprocmask(SIG_BLOCK, [INT], [], 8) = 0
write(2, "c", 1)                        = 1
rt_sigprocmask(SIG_SETMASK, [], NULL, 8) = 0
rt_sigprocmask(SIG_BLOCK, NULL, [], 8)  = 0
read(0, "h", 1)                         = 1
rt_sigprocmask(SIG_BLOCK, [INT], [], 8) = 0
write(2, "h", 1)                        = 1
rt_sigprocmask(SIG_SETMASK, [], NULL, 8) = 0
rt_sigprocmask(SIG_BLOCK, NULL, [], 8)  = 0
read(0, " ", 1)                         = 1
rt_sigprocmask(SIG_BLOCK, [INT], [], 8) = 0
write(2, " ", 1)                        = 1
rt_sigprocmask(SIG_SETMASK, [], NULL, 8) = 0
rt_sigprocmask(SIG_BLOCK, NULL, [], 8)  = 0
read(0, "a", 1)                         = 1
rt_sigprocmask(SIG_BLOCK, [INT], [], 8) = 0
write(2, "a", 1)                        = 1
rt_sigprocmask(SIG_SETMASK, [], NULL, 8) = 0
rt_sigprocmask(SIG_BLOCK, NULL, [], 8)  = 0
read(0, " ", 1)                         = 1
rt_sigprocmask(SIG_BLOCK, [INT], [], 8) = 0
write(2, " ", 1)                        = 1
rt_sigprocmask(SIG_SETMASK, [], NULL, 8) = 0
rt_sigprocmask(SIG_BLOCK, NULL, [], 8)  = 0
read(0, "b", 1)                         = 1
rt_sigprocmask(SIG_BLOCK, [INT], [], 8) = 0
write(2, "b", 1)                        = 1
rt_sigprocmask(SIG_SETMASK, [], NULL, 8) = 0
rt_sigprocmask(SIG_BLOCK, NULL, [], 8)  = 0
read(0, "\n", 1)                        = 1
write(2, "\n", 1)                       = 1
rt_sigprocmask(SIG_BLOCK, [INT], [], 8) = 0
ioctl(0, SNDCTL_TMR_STOP or SNDRV_TIMER_IOCTL_GINFO or TCSETSW, {B38400 opost isig icanon echo ...}) = 0
rt_sigprocmask(SIG_SETMASK, [], NULL, 8) = 0
rt_sigaction(SIGINT, {0x8096d00, [], 0}, {0x80daf70, [], 0}, 8) = 0
rt_sigaction(SIGTERM, {SIG_IGN, [], 0}, {SIG_IGN, [], 0}, 8) = 0
rt_sigaction(SIGQUIT, {SIG_IGN, [], 0}, {SIG_IGN, [], 0}, 8) = 0
rt_sigaction(SIGALRM, {0x8096a30, [HUP INT ILL TRAP ABRT BUS FPE USR1 SEGV USR2 PIPE ALRM TERM XCPU XFSZ VTALRM SYS], 0}, {0x80daf70, [], 0}, 8) = 0
rt_sigaction(SIGTSTP, {SIG_IGN, [], 0}, {SIG_IGN, [], 0}, 8) = 0
rt_sigaction(SIGTTOU, {SIG_IGN, [], 0}, {SIG_IGN, [], 0}, 8) = 0
rt_sigaction(SIGTTIN, {SIG_IGN, [], 0}, {SIG_IGN, [], 0}, 8) = 0
rt_sigaction(SIGWINCH, {0x8096830, [], 0}, {0x80dae50, [], SA_RESTART}, 8) = 0
socket(PF_NETLINK, SOCK_RAW, 9)         = 3
sendmsg(3, {msg_name(12)={sa_family=AF_NETLINK, pid=0, groups=00000000}, msg_iov(2)=[{"\37\0\0\0d\4\1\0\0\0\0\0\0\0\0\0", 16}, {"./sigcatch a b\0", 15}], msg_controllen=0, msg_flags=0}, 0) = 31
close(3)                                = 0
rt_sigaction(SIGINT, {0x8096d00, [], 0}, {0x8096d00, [], 0}, 8) = 0
time(NULL)                              = 1518531256
rt_sigprocmask(SIG_BLOCK, [INT CHLD], [], 8) = 0
pipe([3, 5])                            = 0
clone(child_stack=0, flags=CLONE_CHILD_CLEARTID|CLONE_CHILD_SETTID|SIGCHLD, child_tidptr=0xb7728b98) = 20622
setpgid(20622, 20622)                   = 0
rt_sigprocmask(SIG_SETMASK, [], NULL, 8) = 0
rt_sigprocmask(SIG_BLOCK, [CHLD], [], 8) = 0
close(3)                                = 0
close(5)                                = 0
ioctl(255, TIOCGPGRP, [20622])          = 0
rt_sigprocmask(SIG_SETMASK, [], NULL, 8) = 0
rt_sigprocmask(SIG_BLOCK, [CHLD], [], 8) = 0
waitpid(-1, 0xbfe0cdbc, WSTOPPED|WCONTINUED) = ? ERESTARTSYS (To be restarted if SA_RESTART is set)
--- SIGHUP {si_signo=SIGHUP, si_code=SI_KERNEL, si_value={int=20, ptr=0x14}} ---
--- SIGCONT {si_signo=SIGCONT, si_code=SI_KERNEL, si_value={int=20, ptr=0x14}} ---
sigreturn() (mask [CHLD])               = -1 EINTR (Interrupted system call)
stat64("/home/yunhai/.bash_history", {st_mode=S_IFREG|0600, st_size=10429, ...}) = 0
open("/home/yunhai/.bash_history", O_WRONLY|O_APPEND|O_LARGEFILE) = 3
write(3, "ls\n./sigcatch 1 2\n./sigcatch a b"..., 33) = 33
close(3)                                = 0
open("/home/yunhai/.bash_history", O_RDONLY|O_LARGEFILE) = 3
fstat64(3, {st_mode=S_IFREG|0600, st_size=10462, ...}) = 0
read(3, "./lmt_memlock\nsudo ./lmt_memlock"..., 10462) = 10462
close(3)                                = 0
open("/home/yunhai/.bash_history", O_WRONLY|O_TRUNC|O_LARGEFILE) = 3
write(3, "make\n./lmt_memlock\nfg\nmake\n./lmt"..., 10426) = 10426
close(3)                                = 0
kill(-20209, SIGHUP)                    = 0
kill(-20209, SIGCONT)                   = 0
kill(-20622, SIGHUP)                    = 0
kill(-20209, SIGTERM)                   = 0
kill(-20209, SIGCONT)                   = 0
rt_sigprocmask(SIG_BLOCK, [CHLD TSTP TTIN TTOU], [CHLD], 8) = 0
ioctl(255, SNDRV_TIMER_IOCTL_SELECT or TIOCSPGRP, [19550]) = -1 ENOTTY (Inappropriate ioctl for device)
rt_sigprocmask(SIG_SETMASK, [CHLD], NULL, 8) = 0
setpgid(0, 19550)                       = -1 EPERM (Operation not permitted)
rt_sigaction(SIGHUP, {SIG_DFL, [], 0}, {0x8096a30, [HUP INT ILL TRAP ABRT BUS FPE USR1 SEGV USR2 PIPE ALRM TERM XCPU XFSZ VTALRM SYS], 0}, 8) = 0
kill(19550, SIGHUP)                     = 0
--- SIGHUP {si_signo=SIGHUP, si_code=SI_USER, si_pid=19550, si_uid=500} ---
+++ killed by SIGHUP +++
