[yunhai@bogon 09.chapter]$ ./viewsid.sh 
  PID  PGID   SID TTY          TIME CMD
    2     0     0 ?        00:00:00 kthreadd
    3     0     0 ?        00:01:25   migration/0
    4     0     0 ?        00:00:54   ksoftirqd/0
    5     0     0 ?        00:00:00   stopper/0
    6     0     0 ?        00:00:40   watchdog/0
    7     0     0 ?        00:05:07   migration/1
    8     0     0 ?        00:00:00   stopper/1
    9     0     0 ?        00:05:15   ksoftirqd/1
   10     0     0 ?        00:00:34   watchdog/1
   11     0     0 ?        00:01:32   migration/2
   12     0     0 ?        00:00:00   stopper/2
   13     0     0 ?        00:00:52   ksoftirqd/2
   14     0     0 ?        00:02:15   watchdog/2
   15     0     0 ?        00:04:15   migration/3
   16     0     0 ?        00:00:00   stopper/3
   17     0     0 ?        00:05:14   ksoftirqd/3
   18     0     0 ?        00:00:36   watchdog/3
   19     0     0 ?        00:04:24   events/0
   20     0     0 ?        00:03:24   events/1
   21     0     0 ?        00:04:29   events/2
   22     0     0 ?        00:05:24   events/3
   23     0     0 ?        00:00:00   events/0
   24     0     0 ?        00:00:00   events/1
   25     0     0 ?        00:00:00   events/2
   26     0     0 ?        00:00:00   events/3
   27     0     0 ?        00:00:00   events_long/0
   28     0     0 ?        00:00:00   events_long/1
   29     0     0 ?        00:00:00   events_long/2
   30     0     0 ?        00:00:00   events_long/3
   31     0     0 ?        00:00:00   events_power_ef
   32     0     0 ?        00:00:00   events_power_ef
   33     0     0 ?        00:00:00   events_power_ef
   34     0     0 ?        00:00:00   events_power_ef
   35     0     0 ?        00:00:00   cgroup
   36     0     0 ?        00:00:00   khelper
   37     0     0 ?        00:00:00   netns
   38     0     0 ?        00:00:00   async/mgr
   39     0     0 ?        00:00:00   pm
   40     0     0 ?        00:00:15   sync_supers
   41     0     0 ?        00:00:13   bdi-default
   42     0     0 ?        00:00:00   kintegrityd/0
   43     0     0 ?        00:00:00   kintegrityd/1
   44     0     0 ?        00:00:00   kintegrityd/2
   45     0     0 ?        00:00:00   kintegrityd/3
   46     0     0 ?        00:02:55   kblockd/0
   47     0     0 ?        00:01:06   kblockd/1
   48     0     0 ?        00:03:00   kblockd/2
   49     0     0 ?        00:01:02   kblockd/3
   50     0     0 ?        00:00:00   kacpid
   51     0     0 ?        00:00:00   kacpi_notify
   52     0     0 ?        00:00:00   kacpi_hotplug
   53     0     0 ?        00:00:00   ata_aux
   54     0     0 ?        00:04:20   ata_sff/0
   55     0     0 ?        00:08:19   ata_sff/1
   56     0     0 ?        00:01:46   ata_sff/2
   57     0     0 ?        00:01:55   ata_sff/3
   58     0     0 ?        00:00:00   ksuspend_usbd
   59     0     0 ?        00:00:05   khubd
   60     0     0 ?        00:00:00   kseriod
   61     0     0 ?        00:00:00   md/0
   62     0     0 ?        00:00:00   md/1
   63     0     0 ?        00:00:00   md/2
   64     0     0 ?        00:00:00   md/3
   65     0     0 ?        00:00:00   md_misc/0
   66     0     0 ?        00:00:00   md_misc/1
   67     0     0 ?        00:00:00   md_misc/2
   68     0     0 ?        00:00:00   md_misc/3
   69     0     0 ?        00:00:00   linkwatch
   70     0     0 ?        00:00:01   khungtaskd
   71     0     0 ?        00:00:01   kswapd0
   72     0     0 ?        00:00:00   ksmd
   73     0     0 ?        00:00:00   aio/0
   74     0     0 ?        00:00:00   aio/1
   75     0     0 ?        00:00:00   aio/2
   76     0     0 ?        00:00:00   aio/3
   77     0     0 ?        00:00:00   crypto/0
   78     0     0 ?        00:00:00   crypto/1
   79     0     0 ?        00:00:00   crypto/2
   80     0     0 ?        00:00:00   crypto/3
   87     0     0 ?        00:00:00   kthrotld/0
   88     0     0 ?        00:00:00   kthrotld/1
   89     0     0 ?        00:00:00   kthrotld/2
   90     0     0 ?        00:00:00   kthrotld/3
   91     0     0 ?        00:00:00   pciehpd
   93     0     0 ?        00:00:00   kpsmoused
   94     0     0 ?        00:00:00   usbhid_resumer
   95     0     0 ?        00:00:00   deferwq
  127     0     0 ?        00:00:00   kdmremove
  128     0     0 ?        00:00:00   kstriped
  239     0     0 ?        00:00:00   scsi_eh_0
  242     0     0 ?        00:17:45   scsi_eh_1
  296     0     0 ?        00:01:15   mpt_poll_0
  297     0     0 ?        00:00:00   mpt/0
  298     0     0 ?        00:00:00   scsi_eh_2
  504     0     0 ?        00:10:17   jbd2/sda3-8
  505     0     0 ?        00:00:00   ext4-dio-unwrit
  539     0     0 ?        00:03:41   flush-8:0
  825     0     0 ?        00:01:41   vmmemctl
 1043     0     0 ?        00:00:00   bluetooth
 1305     0     0 ?        00:00:00   jbd2/sda1-8
 1306     0     0 ?        00:00:00   ext4-dio-unwrit
 1340     0     0 ?        00:00:09   kauditd
 2292     0     0 ?        00:00:00   krfcommd
    1     1     1 ?        00:03:47 init
  611   611   611 ?        00:00:03   udevd
 2578   611   611 ?        00:00:05     udevd
 2579   611   611 ?        00:00:01     udevd
 1971  1971  1971 ?        00:02:38   irqbalance
 2152  2152  2152 ?        00:00:04   bluetoothd
29213 29213 29213 ?        00:00:25   vmware-vmblock-
29234 29233 29233 ?        01:03:05   vmtoolsd
29257 29255 29255 ?        00:00:00   VGAuthService
29446 29446 29446 ?        00:00:18   auditd
29480 29474 28858 ?        00:14:29   rsyslogd
29529 29529 29529 ?        01:15:39   dbus-daemon
29543 29543 29543 ?        00:26:58   NetworkManager
31162 31162 29543 ?        00:00:00     dhclient
29548 29529 29529 ?        00:01:14   modem-manager
29563 29563 29563 ?        00:00:00   wpa_supplicant
29564 29564 29564 ?        00:00:00   cupsd
29596 29596 29596 ?        00:00:00   acpid
29608 29608 29608 ?        00:01:46   hald
29609 29608 29608 ?        00:00:00     hald-runner
29656 29608 29608 ?        00:01:13       hald-addon-inpu
29660 29608 29608 ?        00:00:00       hald-addon-acpi
31177 29608 29608 ?        00:00:00       hald-addon-rfki
29682 29682 29682 ?        00:00:01   bluetoothd
29722 29722 29722 ?        00:00:00   sshd
29888 29888 29888 ?        00:12:24   master
29897 29888 29888 ?        00:06:22     qmgr
13654 29888 29888 ?        00:00:00     bounce
14155 29888 29888 ?        00:00:00     bounce
15931 29888 29888 ?        00:00:00     pickup
19980 29888 29888 ?        00:00:00     cleanup
19984 29888 29888 ?        00:00:00     local
20744 29888 29888 ?        00:00:00     trivial-rewrite
29917 29917 29917 ?        00:16:15   abrtd
20750 29917 29917 ?        00:00:00     abrt-handle-eve
20757 20757 29917 ?        00:00:00       sh
20758 20757 29917 ?        00:00:00         sosreport
20821 20821 29917 ?        00:00:00           timeout
20822 20821 29917 ?        00:00:00             hostname
29929 29929 29929 ?        00:03:28   crond
29944 29944 29944 ?        00:00:01   atd
29955 29955 29955 ?        00:03:24   gdm-binary
 4822 29955 29955 ?        00:00:00     gdm-simple-slav
 4824  4824  4824 tty1     01:31:33       Xorg
 4896 29955 29955 ?        00:00:00       gdm-session-wor
 4974  4974  4974 ?        00:01:43         gnome-session
 5025  4974  4974 ?        00:01:16           metacity
 5039  4974  4974 ?        00:03:14           gnome-panel
 5043  4974  4974 ?        00:00:14           nautilus
 5056  4974  4974 ?        00:00:02           gnome-volume-co
 5057  4974  4974 ?        00:03:34           nm-applet
 5058  4974  4974 ?        00:00:01           python
 5071  4974  4974 ?        00:00:16           gnome-power-man
 5073  4974  4974 ?        00:00:00           polkit-gnome-au
 5090  4974  4974 ?        00:01:51           gpk-update-icon
 5092  4974  4974 ?        00:00:01           restorecond
 5094  4974  4974 ?        00:00:00           gdu-notificatio
 5100  4974  4974 ?        00:01:43           bluetooth-apple
29960 29960 29960 ?        00:00:00   login
 4688  4688  4688 tty2     00:00:00     bash
29972 29972 29972 tty4     00:00:00   mingetty
29974 29974 29974 tty5     00:00:00   mingetty
29978 29978 29978 tty6     00:00:00   mingetty
29998 29529 29529 ?        00:02:37   console-kit-dae
30074 29529 29529 ?        00:05:37   devkit-power-da
30115 29529 29529 ?        00:36:57   polkitd
30126 29529 29529 ?        00:02:12   rtkit-daemon
30262 29529 29529 ?        00:06:30   udisks-daemon
30266 29529 29529 ?        00:12:29     udisks-daemon
 4741  4741  4741 tty3     00:00:00   mingetty
 4857  4854  4854 ?        00:00:00   dbus-launch
 4964 29955 29955 ?        00:00:01   gnome-keyring-d
 4982  4974  4974 ?        00:00:00   dbus-launch
 4983  4983  4983 ?        00:00:08   dbus-daemon
 5002  4983  4983 ?        00:00:10   gconfd-2
 5008  5008  5008 ?        00:10:20   gnome-settings-
 5012  5012  5012 ?        00:00:00   seahorse-daemon
 5016  4983  4983 ?        00:00:00   gvfsd
 5036  5036  5036 ?        00:01:51   pulseaudio
 5042  5036  5036 ?        00:00:00     gconf-helper
 5045  5045  5045 ?        00:00:00   bonobo-activati
 5050  5045  5045 ?        00:00:12   wnck-applet
 5054  5045  5045 ?        00:00:00   trashapplet
 5055  4983  4983 ?        00:00:00   gvfs-gdu-volume
 5060  4983  4983 ?        00:00:00   gvfs-gphoto2-vo
 5065  4983  4983 ?        00:04:24   gvfs-afc-volume
 5067  4974  4974 ?        00:28:07   vmtoolsd
 5083  5045  5045 ?        00:00:01   gnote
 5084  5045  5045 ?        00:00:02   gdm-user-switch
 5088  5045  5045 ?        00:01:10   clock-applet
 5089  5045  5045 ?        00:00:01   notification-ar
 5113  4983  4983 ?        00:00:01   gvfsd-trash
 5128  5128  5128 ?        00:05:01   gnome-screensav
 5173  4983  4983 ?        00:00:00   gvfsd-burn
 5277  4974  4974 ?        00:06:18   gnome-terminal
 5278  4974  4974 ?        00:00:00     gnome-pty-helpe
 5279  5279  5279 pts/0    00:00:17     bash
20061 20061  5279 pts/0    00:00:00       strace
20823 20823  5279 pts/0    00:00:00       viewsid.sh
20824 20823  5279 pts/0    00:00:00         ps
 5317  5317  5317 pts/1    00:00:01     bash
17759 17759  5317 pts/1    00:00:00       telnety
19549 17759  5317 pts/1    00:00:00         telnety
19550 19550 19550 pts/4    00:00:00           bash
20209 20209 19550 pts/4    00:00:00             sigcatch
20210 20209 19550 pts/4    00:00:00               sigcatch
20212 20209 19550 pts/4    00:00:00                 sigcatch
20211 20209 19550 pts/4    00:00:00               sigcatch
20213 20209 19550 pts/4    00:00:00                 sigcatch
20622 20622 19550 pts/4    00:00:00             sigcatch
20626 20622 19550 pts/4    00:00:00               sigcatch
20628 20622 19550 pts/4    00:00:00                 sigcatch
20627 20622 19550 pts/4    00:00:00               sigcatch
20629 20622 19550 pts/4    00:00:00                 sigcatch
21362 21362 21362 pts/3    00:00:00     bash
 2861  2861  2861 pts/2    00:00:01     bash
19548 19548  2861 pts/2    00:00:00       telnetc
14203  4983  4983 ?        00:00:00   gvfsd-computer
10227  4983  4983 ?        00:00:00   gvfsd-metadata
19035 29529 29529 ?        00:00:00   packagekitd
