1518536785.226133 read(0, "ls\n", 1024) = 3
1518536789.413790 rt_sigaction(SIGINT, {SIG_IGN, [], 0}, {0x80488d9, [], SA_INTERRUPT|SA_NODEFER|SA_RESETHAND}, 8) = 0
1518536789.414969 rt_sigaction(SIGQUIT, {SIG_IGN, [], 0}, {0x80488d9, [], SA_INTERRUPT|SA_NODEFER|SA_RESETHAND}, 8) = 0
1518536789.415435 rt_sigprocmask(SIG_BLOCK, [CHLD], [], 8) = 0
1518536789.415900 clone(child_stack=0, flags=CLONE_PARENT_SETTID|SIGCHLD, parent_tidptr=0xbff4e2d4) = 28899
1518536789.438188 waitpid(28899, 0xbff4e2d8, 0) = -1 ECHILD (No child processes)
1518536789.443043 rt_sigaction(SIGINT, {0x80488d9, [], SA_INTERRUPT|SA_NODEFER|SA_RESETHAND}, NULL, 8) = 0
1518536789.443263 rt_sigaction(SIGQUIT, {0x80488d9, [], SA_INTERRUPT|SA_NODEFER|SA_RESETHAND}, NULL, 8) = 0
1518536789.443524 rt_sigprocmask(SIG_SETMASK, [], NULL, 8) = 0
1518536789.443767 read(0, "./sigcatch 1 2 &\n", 1024) = 17
1518536808.738727 rt_sigaction(SIGINT, {SIG_IGN, [], 0}, {0x80488d9, [], SA_INTERRUPT|SA_NODEFER|SA_RESETHAND}, 8) = 0
1518536808.739240 rt_sigaction(SIGQUIT, {SIG_IGN, [], 0}, {0x80488d9, [], SA_INTERRUPT|SA_NODEFER|SA_RESETHAND}, 8) = 0
1518536808.739645 rt_sigprocmask(SIG_BLOCK, [CHLD], [], 8) = 0
1518536808.740094 clone(child_stack=0, flags=CLONE_PARENT_SETTID|SIGCHLD, parent_tidptr=0xbff4e2d4) = 29150
1518536808.757684 waitpid(29150, 0xbff4e2d8, 0) = -1 ECHILD (No child processes)
1518536808.757879 rt_sigaction(SIGINT, {0x80488d9, [], SA_INTERRUPT|SA_NODEFER|SA_RESETHAND}, NULL, 8) = 0
1518536808.758253 rt_sigaction(SIGQUIT, {0x80488d9, [], SA_INTERRUPT|SA_NODEFER|SA_RESETHAND}, NULL, 8) = 0
1518536808.759275 rt_sigprocmask(SIG_SETMASK, [], NULL, 8) = 0
1518536808.759566 read(0, "ls\n", 1024) = 3
1518536810.542528 rt_sigaction(SIGINT, {SIG_IGN, [], 0}, {0x80488d9, [], SA_INTERRUPT|SA_NODEFER|SA_RESETHAND}, 8) = 0
1518536810.542747 rt_sigaction(SIGQUIT, {SIG_IGN, [], 0}, {0x80488d9, [], SA_INTERRUPT|SA_NODEFER|SA_RESETHAND}, 8) = 0
1518536810.542997 rt_sigprocmask(SIG_BLOCK, [CHLD], [], 8) = 0
1518536810.543080 clone(child_stack=0, flags=CLONE_PARENT_SETTID|SIGCHLD, parent_tidptr=0xbff4e2d4) = 29235
1518536810.543229 waitpid(29235, 0xbff4e2d8, 0) = -1 ECHILD (No child processes)
1518536810.551878 rt_sigaction(SIGINT, {0x80488d9, [], SA_INTERRUPT|SA_NODEFER|SA_RESETHAND}, NULL, 8) = 0
1518536810.552045 rt_sigaction(SIGQUIT, {0x80488d9, [], SA_INTERRUPT|SA_NODEFER|SA_RESETHAND}, NULL, 8) = 0
1518536810.552163 rt_sigprocmask(SIG_SETMASK, [], NULL, 8) = 0
1518536810.552388 read(0, "./sigcatch a b\n", 1024) = 15
1518536847.179623 rt_sigaction(SIGINT, {SIG_IGN, [], 0}, {0x80488d9, [], SA_INTERRUPT|SA_NODEFER|SA_RESETHAND}, 8) = 0
1518536847.181378 rt_sigaction(SIGQUIT, {SIG_IGN, [], 0}, {0x80488d9, [], SA_INTERRUPT|SA_NODEFER|SA_RESETHAND}, 8) = 0
1518536847.182066 rt_sigprocmask(SIG_BLOCK, [CHLD], [], 8) = 0
1518536847.182766 clone(child_stack=0, flags=CLONE_PARENT_SETTID|SIGCHLD, parent_tidptr=0xbff4e2d4) = 29689
1518536847.193403 waitpid(29689, 0xbff4e2d8, 0) = ? ERESTARTSYS (To be restarted if SA_RESTART is set)
1518536848.300208 --- SIGINT {si_signo=SIGINT, si_code=SI_KERNEL, si_value={int=51141, ptr=0xc7c5}} ---
1518536848.300229 waitpid(29689, 0xbff4e2d8, 0) = ? ERESTARTSYS (To be restarted if SA_RESTART is set)
1518536849.291860 --- SIGQUIT {si_signo=SIGQUIT, si_code=SI_KERNEL, si_value={int=51141, ptr=0xc7c5}} ---
1518536849.292050 waitpid(29689, 0xbff4e2d8, 0) = ? ERESTARTSYS (To be restarted if SA_RESTART is set)
1518536881.317695 --- SIGHUP {si_signo=SIGHUP, si_code=SI_KERNEL, si_value={int=51141, ptr=0xc7c5}} ---
1518536881.317812 --- SIGCONT {si_signo=SIGCONT, si_code=SI_KERNEL, si_value={int=51141, ptr=0xc7c5}} ---
1518536881.317949 write(1, "interrupt\n", 10) = -1 EIO (Input/output error)
1518536881.318113 rt_sigaction(SIGINT, {0x80488d9, [], SA_INTERRUPT|SA_NODEFER|SA_RESETHAND}, {SIG_IGN, [], 0}, 8) = 0
1518536881.318265 rt_sigaction(SIGQUIT, {0x80488d9, [], SA_INTERRUPT|SA_NODEFER|SA_RESETHAND}, {SIG_IGN, [], 0}, 8) = 0
1518536881.318514 exit_group(1)         = ?
1518536881.322691 +++ exited with 1 +++
