1518536835.076555 restart_syscall(<... resuming interrupted call ...>) = 0
1518536835.797954 rt_sigprocmask(SIG_SETMASK, [], NULL, 8) = 0
1518536835.798178 rt_sigprocmask(SIG_BLOCK, [CHLD], [], 8) = 0
1518536835.798402 rt_sigaction(SIGCHLD, NULL, {SIG_IGN, [], 0}, 8) = 0
1518536835.798610 nanosleep({1, 0}, 0xbf901374) = 0
1518536836.798848 rt_sigprocmask(SIG_SETMASK, [], NULL, 8) = 0
1518536836.798889 rt_sigprocmask(SIG_BLOCK, [CHLD], [], 8) = 0
1518536836.798925 rt_sigaction(SIGCHLD, NULL, {SIG_IGN, [], 0}, 8) = 0
1518536836.798958 nanosleep({1, 0}, 0xbf901374) = 0
1518536837.800156 rt_sigprocmask(SIG_SETMASK, [], NULL, 8) = 0
1518536837.800347 rt_sigprocmask(SIG_BLOCK, [CHLD], [], 8) = 0
1518536837.800622 rt_sigaction(SIGCHLD, NULL, {SIG_IGN, [], 0}, 8) = 0
1518536837.800755 nanosleep({1, 0}, 0xbf901374) = 0
1518536838.801591 rt_sigprocmask(SIG_SETMASK, [], NULL, 8) = 0
1518536838.802345 rt_sigprocmask(SIG_BLOCK, [CHLD], [], 8) = 0
1518536838.802988 rt_sigaction(SIGCHLD, NULL, {SIG_IGN, [], 0}, 8) = 0
1518536838.803595 nanosleep({1, 0}, 0xbf901374) = 0
1518536839.804604 rt_sigprocmask(SIG_SETMASK, [], NULL, 8) = 0
1518536839.805329 rt_sigprocmask(SIG_BLOCK, [CHLD], [], 8) = 0
1518536839.805921 rt_sigaction(SIGCHLD, NULL, {SIG_IGN, [], 0}, 8) = 0
1518536839.806503 nanosleep({1, 0}, 0xbf901374) = 0
1518536840.807949 rt_sigprocmask(SIG_SETMASK, [], NULL, 8) = 0
1518536840.808479 rt_sigprocmask(SIG_BLOCK, [CHLD], [], 8) = 0
1518536840.809060 rt_sigaction(SIGCHLD, NULL, {SIG_IGN, [], 0}, 8) = 0
1518536840.809447 nanosleep({1, 0}, 0xbf901374) = 0
1518536841.810706 rt_sigprocmask(SIG_SETMASK, [], NULL, 8) = 0
1518536841.811379 rt_sigprocmask(SIG_BLOCK, [CHLD], [], 8) = 0
1518536841.812005 rt_sigaction(SIGCHLD, NULL, {SIG_IGN, [], 0}, 8) = 0
1518536841.812541 nanosleep({1, 0}, 0xbf901374) = 0
1518536842.813666 rt_sigprocmask(SIG_SETMASK, [], NULL, 8) = 0
1518536842.814288 rt_sigprocmask(SIG_BLOCK, [CHLD], [], 8) = 0
1518536842.814962 rt_sigaction(SIGCHLD, NULL, {SIG_IGN, [], 0}, 8) = 0
1518536842.815410 nanosleep({1, 0}, 0xbf901374) = 0
1518536843.816509 rt_sigprocmask(SIG_SETMASK, [], NULL, 8) = 0
1518536843.817088 rt_sigprocmask(SIG_BLOCK, [CHLD], [], 8) = 0
1518536843.819391 rt_sigaction(SIGCHLD, NULL, {SIG_IGN, [], 0}, 8) = 0
1518536843.820091 nanosleep({1, 0}, 0xbf901374) = 0
1518536844.821015 rt_sigprocmask(SIG_SETMASK, [], NULL, 8) = 0
1518536844.822610 rt_sigprocmask(SIG_BLOCK, [CHLD], [], 8) = 0
1518536844.823230 rt_sigaction(SIGCHLD, NULL, {SIG_IGN, [], 0}, 8) = 0
1518536844.823825 nanosleep({1, 0}, 0xbf901374) = 0
1518536845.836924 rt_sigprocmask(SIG_SETMASK, [], NULL, 8) = 0
1518536845.837389 rt_sigprocmask(SIG_BLOCK, [CHLD], [], 8) = 0
1518536845.837926 rt_sigaction(SIGCHLD, NULL, {SIG_IGN, [], 0}, 8) = 0
1518536845.838051 nanosleep({1, 0}, 0xbf901374) = 0
1518536846.850427 rt_sigprocmask(SIG_SETMASK, [], NULL, 8) = 0
1518536846.851268 rt_sigprocmask(SIG_BLOCK, [CHLD], [], 8) = 0
1518536846.852122 rt_sigaction(SIGCHLD, NULL, {SIG_IGN, [], 0}, 8) = 0
1518536846.852895 nanosleep({1, 0}, 0xbf901374) = 0
1518536847.853462 rt_sigprocmask(SIG_SETMASK, [], NULL, 8) = 0
1518536847.853530 rt_sigprocmask(SIG_BLOCK, [CHLD], [], 8) = 0
1518536847.853595 rt_sigaction(SIGCHLD, NULL, {SIG_IGN, [], 0}, 8) = 0
1518536847.853655 nanosleep({1, 0}, {0, 553434587}) = ? ERESTART_RESTARTBLOCK (Interrupted by signal)
1518536848.300436 --- SIGINT {si_signo=SIGINT, si_code=SI_KERNEL, si_value={int=51141, ptr=0xc7c5}} ---
1518536848.300462 getpid()              = 29151
1518536848.300497 fstat64(3, {st_mode=S_IFREG|0664, st_size=644, ...}) = 0
1518536848.300543 mmap2(NULL, 4096, PROT_READ|PROT_WRITE, MAP_PRIVATE|MAP_ANONYMOUS, -1, 0) = 0xb77a0000
1518536848.300590 write(3, "29151 catch 2\n", 14) = 14
1518536848.300632 rt_sigaction(SIGINT, {0x80488b4, [], SA_INTERRUPT|SA_NODEFER|SA_RESETHAND}, {SIG_DFL, [], SA_INTERRUPT|SA_NODEFER|SA_RESETHAND}, 8) = 0
1518536848.300672 sigreturn() (mask [CHLD]) = -1 EINTR (Interrupted system call)
1518536848.300722 rt_sigprocmask(SIG_SETMASK, [], NULL, 8) = 0
1518536848.300753 rt_sigprocmask(SIG_BLOCK, [CHLD], [], 8) = 0
1518536848.300799 rt_sigaction(SIGCHLD, NULL, {SIG_IGN, [], 0}, 8) = 0
1518536848.300831 nanosleep({1, 0}, {0, 11272709}) = ? ERESTART_RESTARTBLOCK (Interrupted by signal)
1518536849.291662 --- SIGQUIT {si_signo=SIGQUIT, si_code=SI_KERNEL, si_value={int=51141, ptr=0xc7c5}} ---
1518536849.291686 write(3, "29151 catch 3\n", 14) = 14
1518536849.291727 rt_sigaction(SIGQUIT, {0x80488b4, [], SA_INTERRUPT|SA_NODEFER|SA_RESETHAND}, {SIG_DFL, [], SA_INTERRUPT|SA_NODEFER|SA_RESETHAND}, 8) = 0
1518536849.291770 sigreturn() (mask [CHLD]) = -1 EINTR (Interrupted system call)
1518536849.291807 rt_sigprocmask(SIG_SETMASK, [], NULL, 8) = 0
1518536849.291839 rt_sigprocmask(SIG_BLOCK, [CHLD], [], 8) = 0
1518536849.291874 rt_sigaction(SIGCHLD, NULL, {SIG_IGN, [], 0}, 8) = 0
1518536849.292038 nanosleep({1, 0}, 0xbf901374) = 0
1518536850.293922 rt_sigprocmask(SIG_SETMASK, [], NULL, 8) = 0
1518536850.453166 rt_sigprocmask(SIG_BLOCK, [CHLD], [], 8) = 0
1518536850.453395 rt_sigaction(SIGCHLD, NULL, {SIG_IGN, [], 0}, 8) = 0
1518536850.453619 nanosleep({1, 0}, 0xbf901374) = 0
1518536851.454513 rt_sigprocmask(SIG_SETMASK, [], NULL, 8) = 0
1518536851.454556 rt_sigprocmask(SIG_BLOCK, [CHLD], [], 8) = 0
1518536851.454597 rt_sigaction(SIGCHLD, NULL, {SIG_IGN, [], 0}, 8) = 0
1518536851.454634 nanosleep({1, 0}, 0xbf901374) = 0
1518536852.455118 rt_sigprocmask(SIG_SETMASK, [], NULL, 8) = 0
1518536852.455160 rt_sigprocmask(SIG_BLOCK, [CHLD], [], 8) = 0
1518536852.455196 rt_sigaction(SIGCHLD, NULL, {SIG_IGN, [], 0}, 8) = 0
1518536852.455230 nanosleep({1, 0}, 0xbf901374) = 0
1518536853.455692 rt_sigprocmask(SIG_SETMASK, [], NULL, 8) = 0
1518536853.455734 rt_sigprocmask(SIG_BLOCK, [CHLD], [], 8) = 0
1518536853.455770 rt_sigaction(SIGCHLD, NULL, {SIG_IGN, [], 0}, 8) = 0
1518536853.455804 nanosleep({1, 0}, 0xbf901374) = 0
1518536854.456260 rt_sigprocmask(SIG_SETMASK, [], NULL, 8) = 0
1518536854.456301 rt_sigprocmask(SIG_BLOCK, [CHLD], [], 8) = 0
1518536854.456337 rt_sigaction(SIGCHLD, NULL, {SIG_IGN, [], 0}, 8) = 0
1518536854.456370 nanosleep({1, 0}, 0xbf901374) = 0
1518536855.457001 rt_sigprocmask(SIG_SETMASK, [], NULL, 8) = 0
1518536855.457240 rt_sigprocmask(SIG_BLOCK, [CHLD], [], 8) = 0
1518536855.457435 rt_sigaction(SIGCHLD, NULL, {SIG_IGN, [], 0}, 8) = 0
1518536855.457661 nanosleep({1, 0}, 0xbf901374) = 0
1518536856.458113 rt_sigprocmask(SIG_SETMASK, [], NULL, 8) = 0
1518536856.458307 rt_sigprocmask(SIG_BLOCK, [CHLD], [], 8) = 0
1518536856.458525 rt_sigaction(SIGCHLD, NULL, {SIG_IGN, [], 0}, 8) = 0
1518536856.458686 nanosleep({1, 0}, 0xbf901374) = 0
1518536857.465845 rt_sigprocmask(SIG_SETMASK, [], NULL, 8) = 0
1518536857.466524 rt_sigprocmask(SIG_BLOCK, [CHLD], [], 8) = 0
1518536857.467115 rt_sigaction(SIGCHLD, NULL, {SIG_IGN, [], 0}, 8) = 0
1518536857.467596 nanosleep({1, 0}, 0xbf901374) = 0
1518536858.468987 rt_sigprocmask(SIG_SETMASK, [], NULL, 8) = 0
1518536858.469714 rt_sigprocmask(SIG_BLOCK, [CHLD], [], 8) = 0
1518536858.471450 rt_sigaction(SIGCHLD, NULL, {SIG_IGN, [], 0}, 8) = 0
1518536858.472468 nanosleep({1, 0}, 0xbf901374) = 0
1518536859.473242 rt_sigprocmask(SIG_SETMASK, [], NULL, 8) = 0
1518536859.473829 rt_sigprocmask(SIG_BLOCK, [CHLD], [], 8) = 0
1518536859.474730 rt_sigaction(SIGCHLD, NULL, {SIG_IGN, [], 0}, 8) = 0
1518536859.475311 nanosleep({1, 0}, 0xbf901374) = 0
1518536860.476337 rt_sigprocmask(SIG_SETMASK, [], NULL, 8) = 0
1518536860.477071 rt_sigprocmask(SIG_BLOCK, [CHLD], [], 8) = 0
1518536860.477689 rt_sigaction(SIGCHLD, NULL, {SIG_IGN, [], 0}, 8) = 0
1518536860.478146 nanosleep({1, 0}, 0xbf901374) = 0
1518536861.480071 rt_sigprocmask(SIG_SETMASK, [], NULL, 8) = 0
1518536861.481028 rt_sigprocmask(SIG_BLOCK, [CHLD], [], 8) = 0
1518536861.481620 rt_sigaction(SIGCHLD, NULL, {SIG_IGN, [], 0}, 8) = 0
1518536861.482180 nanosleep({1, 0}, 0xbf901374) = 0
1518536862.483027 rt_sigprocmask(SIG_SETMASK, [], NULL, 8) = 0
1518536862.483625 rt_sigprocmask(SIG_BLOCK, [CHLD], [], 8) = 0
1518536862.484335 rt_sigaction(SIGCHLD, NULL, {SIG_IGN, [], 0}, 8) = 0
1518536862.484896 nanosleep({1, 0}, 0xbf901374) = 0
1518536863.486439 rt_sigprocmask(SIG_SETMASK, [], NULL, 8) = 0
1518536863.487794 rt_sigprocmask(SIG_BLOCK, [CHLD], [], 8) = 0
1518536863.488372 rt_sigaction(SIGCHLD, NULL, {SIG_IGN, [], 0}, 8) = 0
1518536863.488949 nanosleep({1, 0}, 0xbf901374) = 0
1518536864.489789 rt_sigprocmask(SIG_SETMASK, [], NULL, 8) = 0
1518536864.490406 rt_sigprocmask(SIG_BLOCK, [CHLD], [], 8) = 0
1518536864.491004 rt_sigaction(SIGCHLD, NULL, {SIG_IGN, [], 0}, 8) = 0
1518536864.491597 nanosleep({1, 0}, 0xbf901374) = 0
1518536865.492914 rt_sigprocmask(SIG_SETMASK, [], NULL, 8) = 0
1518536865.493413 rt_sigprocmask(SIG_BLOCK, [CHLD], [], 8) = 0
1518536865.494033 rt_sigaction(SIGCHLD, NULL, {SIG_IGN, [], 0}, 8) = 0
1518536865.494596 nanosleep({1, 0}, 0xbf901374) = 0
1518536866.495502 rt_sigprocmask(SIG_SETMASK, [], NULL, 8) = 0
1518536866.496052 rt_sigprocmask(SIG_BLOCK, [CHLD], [], 8) = 0
1518536866.496686 rt_sigaction(SIGCHLD, NULL, {SIG_IGN, [], 0}, 8) = 0
1518536866.497293 nanosleep({1, 0}, 0xbf901374) = 0
1518536867.502281 rt_sigprocmask(SIG_SETMASK, [], NULL, 8) = 0
1518536867.502323 rt_sigprocmask(SIG_BLOCK, [CHLD], [], 8) = 0
1518536867.502361 rt_sigaction(SIGCHLD, NULL, {SIG_IGN, [], 0}, 8) = 0
1518536867.502403 nanosleep({1, 0}, 0xbf901374) = 0
1518536868.504673 rt_sigprocmask(SIG_SETMASK, [], NULL, 8) = 0
1518536868.620425 rt_sigprocmask(SIG_BLOCK, [CHLD], [], 8) = 0
1518536868.620633 rt_sigaction(SIGCHLD, NULL, {SIG_IGN, [], 0}, 8) = 0
1518536868.620824 nanosleep({1, 0}, 0xbf901374) = 0
1518536869.622082 rt_sigprocmask(SIG_SETMASK, [], NULL, 8) = 0
1518536869.622222 rt_sigprocmask(SIG_BLOCK, [CHLD], [], 8) = 0
1518536869.622357 rt_sigaction(SIGCHLD, NULL, {SIG_IGN, [], 0}, 8) = 0
1518536869.622497 nanosleep({1, 0}, 0xbf901374) = 0
1518536870.633139 rt_sigprocmask(SIG_SETMASK, [], NULL, 8) = 0
1518536870.633340 rt_sigprocmask(SIG_BLOCK, [CHLD], [], 8) = 0
1518536870.633536 rt_sigaction(SIGCHLD, NULL, {SIG_IGN, [], 0}, 8) = 0
1518536870.633725 nanosleep({1, 0}, 0xbf901374) = 0
1518536871.634216 rt_sigprocmask(SIG_SETMASK, [], NULL, 8) = 0
1518536871.634416 rt_sigprocmask(SIG_BLOCK, [CHLD], [], 8) = 0
1518536871.634628 rt_sigaction(SIGCHLD, NULL, {SIG_IGN, [], 0}, 8) = 0
1518536871.634816 nanosleep({1, 0}, 0xbf901374) = 0
1518536872.637424 rt_sigprocmask(SIG_SETMASK, [], NULL, 8) = 0
1518536872.637664 rt_sigprocmask(SIG_BLOCK, [CHLD], [], 8) = 0
1518536872.637859 rt_sigaction(SIGCHLD, NULL, {SIG_IGN, [], 0}, 8) = 0
1518536872.638050 nanosleep({1, 0}, 0xbf901374) = 0
1518536873.645197 rt_sigprocmask(SIG_SETMASK, [], NULL, 8) = 0
1518536873.645486 rt_sigprocmask(SIG_BLOCK, [CHLD], [], 8) = 0
1518536873.645832 rt_sigaction(SIGCHLD, NULL, {SIG_IGN, [], 0}, 8) = 0
1518536873.646114 nanosleep({1, 0}, 0xbf901374) = 0
1518536874.646483 rt_sigprocmask(SIG_SETMASK, [], NULL, 8) = 0
1518536874.646629 rt_sigprocmask(SIG_BLOCK, [CHLD], [], 8) = 0
1518536874.646871 rt_sigaction(SIGCHLD, NULL, {SIG_IGN, [], 0}, 8) = 0
1518536874.647019 nanosleep({1, 0}, 0xbf901374) = 0
1518536875.666247 rt_sigprocmask(SIG_SETMASK, [], NULL, 8) = 0
1518536875.666469 rt_sigprocmask(SIG_BLOCK, [CHLD], [], 8) = 0
1518536875.666655 rt_sigaction(SIGCHLD, NULL, {SIG_IGN, [], 0}, 8) = 0
1518536875.666834 nanosleep({1, 0}, 0xbf901374) = 0
1518536876.667612 rt_sigprocmask(SIG_SETMASK, [], NULL, 8) = 0
1518536876.668213 rt_sigprocmask(SIG_BLOCK, [CHLD], [], 8) = 0
1518536876.668804 rt_sigaction(SIGCHLD, NULL, {SIG_IGN, [], 0}, 8) = 0
1518536876.669398 nanosleep({1, 0}, 0xbf901374) = 0
1518536877.670763 rt_sigprocmask(SIG_SETMASK, [], NULL, 8) = 0
1518536877.671390 rt_sigprocmask(SIG_BLOCK, [CHLD], [], 8) = 0
1518536877.672024 rt_sigaction(SIGCHLD, NULL, {SIG_IGN, [], 0}, 8) = 0
1518536877.672621 nanosleep({1, 0}, 0xbf901374) = 0
1518536878.673634 rt_sigprocmask(SIG_SETMASK, [], NULL, 8) = 0
1518536878.674134 rt_sigprocmask(SIG_BLOCK, [CHLD], [], 8) = 0
1518536878.674620 rt_sigaction(SIGCHLD, NULL, {SIG_IGN, [], 0}, 8) = 0
1518536878.675076 nanosleep({1, 0}, 0xbf901374) = 0
1518536879.676344 rt_sigprocmask(SIG_SETMASK, [], NULL, 8) = 0
1518536879.676855 rt_sigprocmask(SIG_BLOCK, [CHLD], [], 8) = 0
1518536879.677371 rt_sigaction(SIGCHLD, NULL, {SIG_IGN, [], 0}, 8) = 0
1518536879.677988 nanosleep({1, 0}, 0xbf901374) = 0
1518536880.679006 rt_sigprocmask(SIG_SETMASK, [], NULL, 8) = 0
1518536880.679471 rt_sigprocmask(SIG_BLOCK, [CHLD], [], 8) = 0
1518536880.680150 rt_sigaction(SIGCHLD, NULL, {SIG_IGN, [], 0}, 8) = 0
1518536880.680715 nanosleep({1, 0}, {0, 362082658}) = ? ERESTART_RESTARTBLOCK (Interrupted by signal)
1518536881.347352 --- SIGHUP {si_signo=SIGHUP, si_code=SI_KERNEL, si_value={int=51141, ptr=0xc7c5}} ---
1518536881.347472 --- SIGCONT {si_signo=SIGCONT, si_code=SI_KERNEL, si_value={int=51141, ptr=0xc7c5}} ---
1518536881.347530 write(3, "29151 catch 1\n", 14) = 14
1518536881.347653 rt_sigaction(SIGHUP, {0x80488b4, [], SA_INTERRUPT|SA_NODEFER|SA_RESETHAND}, {SIG_DFL, [], SA_INTERRUPT|SA_NODEFER|SA_RESETHAND}, 8) = 0
1518536881.347769 sigreturn() (mask [CHLD]) = -1 EINTR (Interrupted system call)
1518536881.347866 rt_sigprocmask(SIG_SETMASK, [], NULL, 8) = 0
1518536881.348002 close(3)              = 0
1518536881.348098 munmap(0xb77a0000, 4096) = 0
1518536881.348214 write(1, "29151 quit\n", 11) = -1 EIO (Input/output error)
1518536881.348328 exit_group(0)         = ?
1518536881.348542 +++ exited with 0 +++
