1518536873.031814 restart_syscall(<... resuming interrupted call ...>) = 0
1518536873.307317 rt_sigprocmask(SIG_SETMASK, [], NULL, 8) = 0
1518536873.307496 rt_sigprocmask(SIG_BLOCK, [CHLD], [], 8) = 0
1518536873.307656 rt_sigaction(SIGCHLD, NULL, {SIG_IGN, [], 0}, 8) = 0
1518536873.307816 nanosleep({1, 0}, 0xbffd0704) = 0
1518536874.308417 rt_sigprocmask(SIG_SETMASK, [], NULL, 8) = 0
1518536874.308559 rt_sigprocmask(SIG_BLOCK, [CHLD], [], 8) = 0
1518536874.308686 rt_sigaction(SIGCHLD, NULL, {SIG_IGN, [], 0}, 8) = 0
1518536874.308973 nanosleep({1, 0}, 0xbffd0704) = 0
1518536875.309486 rt_sigprocmask(SIG_SETMASK, [], NULL, 8) = 0
1518536875.309726 rt_sigprocmask(SIG_BLOCK, [CHLD], [], 8) = 0
1518536875.310052 rt_sigaction(SIGCHLD, NULL, {SIG_IGN, [], 0}, 8) = 0
1518536875.310176 nanosleep({1, 0}, 0xbffd0704) = 0
1518536876.311002 rt_sigprocmask(SIG_SETMASK, [], NULL, 8) = 0
1518536876.311527 rt_sigprocmask(SIG_BLOCK, [CHLD], [], 8) = 0
1518536876.312100 rt_sigaction(SIGCHLD, NULL, {SIG_IGN, [], 0}, 8) = 0
1518536876.312687 nanosleep({1, 0}, 0xbffd0704) = 0
1518536877.313790 rt_sigprocmask(SIG_SETMASK, [], NULL, 8) = 0
1518536877.315757 rt_sigprocmask(SIG_BLOCK, [CHLD], [], 8) = 0
1518536877.316383 rt_sigaction(SIGCHLD, NULL, {SIG_IGN, [], 0}, 8) = 0
1518536877.316948 nanosleep({1, 0}, 0xbffd0704) = 0
1518536878.318242 rt_sigprocmask(SIG_SETMASK, [], NULL, 8) = 0
1518536878.318830 rt_sigprocmask(SIG_BLOCK, [CHLD], [], 8) = 0
1518536878.319432 rt_sigaction(SIGCHLD, NULL, {SIG_IGN, [], 0}, 8) = 0
1518536878.320014 nanosleep({1, 0}, 0xbffd0704) = 0
1518536879.321323 rt_sigprocmask(SIG_SETMASK, [], NULL, 8) = 0
1518536879.321838 rt_sigprocmask(SIG_BLOCK, [CHLD], [], 8) = 0
1518536879.322490 rt_sigaction(SIGCHLD, NULL, {SIG_IGN, [], 0}, 8) = 0
1518536879.323034 nanosleep({1, 0}, 0xbffd0704) = 0
1518536880.323853 rt_sigprocmask(SIG_SETMASK, [], NULL, 8) = 0
1518536880.324452 rt_sigprocmask(SIG_BLOCK, [CHLD], [], 8) = 0
1518536880.325066 rt_sigaction(SIGCHLD, NULL, {SIG_IGN, [], 0}, 8) = 0
1518536880.325666 nanosleep({1, 0}, {0, 7033666}) = ? ERESTART_RESTARTBLOCK (Interrupted by signal)
1518536881.349433 --- SIGHUP {si_signo=SIGHUP, si_code=SI_KERNEL, si_value={int=51141, ptr=0xc7c5}} ---
1518536881.349517 --- SIGCONT {si_signo=SIGCONT, si_code=SI_KERNEL, si_value={int=51141, ptr=0xc7c5}} ---
1518536881.349643 write(3, "29689 catch 1\n", 14) = 14
1518536881.349785 rt_sigaction(SIGHUP, {0x80488b4, [], SA_INTERRUPT|SA_NODEFER|SA_RESETHAND}, {SIG_DFL, [], SA_INTERRUPT|SA_NODEFER|SA_RESETHAND}, 8) = 0
1518536881.349941 sigreturn() (mask [CHLD]) = -1 EINTR (Interrupted system call)
1518536881.350085 rt_sigprocmask(SIG_SETMASK, [], NULL, 8) = 0
1518536881.350267 close(3)              = 0
1518536881.350362 munmap(0xb77cd000, 4096) = 0
1518536881.350509 write(1, "29689 quit\n", 11) = -1 EIO (Input/output error)
1518536881.350623 exit_group(0)         = ?
1518536881.350776 +++ exited with 0 +++
